{"C:\\Users\\blasm\\Documents\\QA\\Become-a-QA-Week-13\\basicOperations.js": {"path":"C:\\Users\\blasm\\Documents\\QA\\Become-a-QA-Week-13\\basicOperations.js","statementMap":{"0":{"start":{"line":1,"column":24},"end":{"line":3,"column":1}},"1":{"start":{"line":2,"column":2},"end":{"line":2,"column":36}},"2":{"start":{"line":5,"column":23},"end":{"line":7,"column":1}},"3":{"start":{"line":6,"column":2},"end":{"line":6,"column":30}},"4":{"start":{"line":9,"column":24},"end":{"line":11,"column":1}},"5":{"start":{"line":10,"column":2},"end":{"line":10,"column":36}},"6":{"start":{"line":13,"column":29},"end":{"line":16,"column":1}},"7":{"start":{"line":14,"column":21},"end":{"line":14,"column":139}},"8":{"start":{"line":15,"column":2},"end":{"line":15,"column":33}},"9":{"start":{"line":18,"column":19},"end":{"line":20,"column":1}},"10":{"start":{"line":19,"column":2},"end":{"line":19,"column":15}},"11":{"start":{"line":22,"column":22},"end":{"line":24,"column":1}},"12":{"start":{"line":23,"column":2},"end":{"line":23,"column":15}},"13":{"start":{"line":26,"column":24},"end":{"line":28,"column":1}},"14":{"start":{"line":27,"column":2},"end":{"line":27,"column":15}},"15":{"start":{"line":30,"column":24},"end":{"line":32,"column":1}},"16":{"start":{"line":31,"column":2},"end":{"line":31,"column":23}},"17":{"start":{"line":34,"column":33},"end":{"line":37,"column":1}},"18":{"start":{"line":35,"column":27},"end":{"line":35,"column":72}},"19":{"start":{"line":36,"column":2},"end":{"line":36,"column":57}},"20":{"start":{"line":39,"column":45},"end":{"line":41,"column":1}},"21":{"start":{"line":40,"column":2},"end":{"line":40,"column":46}},"22":{"start":{"line":40,"column":32},"end":{"line":40,"column":44}},"23":{"start":{"line":43,"column":33},"end":{"line":45,"column":1}},"24":{"start":{"line":44,"column":2},"end":{"line":44,"column":60}},"25":{"start":{"line":44,"column":34},"end":{"line":44,"column":58}},"26":{"start":{"line":47,"column":30},"end":{"line":57,"column":1}},"27":{"start":{"line":48,"column":2},"end":{"line":56,"column":5}},"28":{"start":{"line":49,"column":4},"end":{"line":51,"column":5}},"29":{"start":{"line":50,"column":6},"end":{"line":50,"column":16}},"30":{"start":{"line":52,"column":4},"end":{"line":54,"column":5}},"31":{"start":{"line":53,"column":6},"end":{"line":53,"column":15}},"32":{"start":{"line":55,"column":4},"end":{"line":55,"column":13}},"33":{"start":{"line":59,"column":39},"end":{"line":61,"column":1}},"34":{"start":{"line":60,"column":2},"end":{"line":60,"column":52}},"35":{"start":{"line":60,"column":33},"end":{"line":60,"column":50}},"36":{"start":{"line":63,"column":38},"end":{"line":65,"column":1}},"37":{"start":{"line":64,"column":2},"end":{"line":64,"column":52}},"38":{"start":{"line":64,"column":33},"end":{"line":64,"column":50}}},"fnMap":{"0":{"name":"(anonymous_0)","decl":{"start":{"line":1,"column":24},"end":{"line":1,"column":25}},"loc":{"start":{"line":1,"column":34},"end":{"line":3,"column":1}},"line":1},"1":{"name":"(anonymous_1)","decl":{"start":{"line":5,"column":23},"end":{"line":5,"column":24}},"loc":{"start":{"line":5,"column":32},"end":{"line":7,"column":1}},"line":5},"2":{"name":"(anonymous_2)","decl":{"start":{"line":9,"column":24},"end":{"line":9,"column":25}},"loc":{"start":{"line":9,"column":34},"end":{"line":11,"column":1}},"line":9},"3":{"name":"(anonymous_3)","decl":{"start":{"line":13,"column":29},"end":{"line":13,"column":30}},"loc":{"start":{"line":13,"column":39},"end":{"line":16,"column":1}},"line":13},"4":{"name":"(anonymous_4)","decl":{"start":{"line":18,"column":19},"end":{"line":18,"column":20}},"loc":{"start":{"line":18,"column":29},"end":{"line":20,"column":1}},"line":18},"5":{"name":"(anonymous_5)","decl":{"start":{"line":22,"column":22},"end":{"line":22,"column":23}},"loc":{"start":{"line":22,"column":32},"end":{"line":24,"column":1}},"line":22},"6":{"name":"(anonymous_6)","decl":{"start":{"line":26,"column":24},"end":{"line":26,"column":25}},"loc":{"start":{"line":26,"column":34},"end":{"line":28,"column":1}},"line":26},"7":{"name":"(anonymous_7)","decl":{"start":{"line":30,"column":24},"end":{"line":30,"column":25}},"loc":{"start":{"line":30,"column":34},"end":{"line":32,"column":1}},"line":30},"8":{"name":"(anonymous_8)","decl":{"start":{"line":34,"column":33},"end":{"line":34,"column":34}},"loc":{"start":{"line":34,"column":45},"end":{"line":37,"column":1}},"line":34},"9":{"name":"(anonymous_9)","decl":{"start":{"line":39,"column":45},"end":{"line":39,"column":46}},"loc":{"start":{"line":39,"column":61},"end":{"line":41,"column":1}},"line":39},"10":{"name":"(anonymous_10)","decl":{"start":{"line":40,"column":21},"end":{"line":40,"column":22}},"loc":{"start":{"line":40,"column":32},"end":{"line":40,"column":44}},"line":40},"11":{"name":"(anonymous_11)","decl":{"start":{"line":43,"column":33},"end":{"line":43,"column":34}},"loc":{"start":{"line":43,"column":53},"end":{"line":45,"column":1}},"line":43},"12":{"name":"(anonymous_12)","decl":{"start":{"line":44,"column":23},"end":{"line":44,"column":24}},"loc":{"start":{"line":44,"column":34},"end":{"line":44,"column":58}},"line":44},"13":{"name":"(anonymous_13)","decl":{"start":{"line":47,"column":30},"end":{"line":47,"column":31}},"loc":{"start":{"line":47,"column":46},"end":{"line":57,"column":1}},"line":47},"14":{"name":"(anonymous_14)","decl":{"start":{"line":48,"column":20},"end":{"line":48,"column":21}},"loc":{"start":{"line":48,"column":29},"end":{"line":56,"column":3}},"line":48},"15":{"name":"(anonymous_15)","decl":{"start":{"line":59,"column":39},"end":{"line":59,"column":40}},"loc":{"start":{"line":59,"column":50},"end":{"line":61,"column":1}},"line":59},"16":{"name":"(anonymous_16)","decl":{"start":{"line":60,"column":22},"end":{"line":60,"column":23}},"loc":{"start":{"line":60,"column":33},"end":{"line":60,"column":50}},"line":60},"17":{"name":"(anonymous_17)","decl":{"start":{"line":63,"column":38},"end":{"line":63,"column":39}},"loc":{"start":{"line":63,"column":49},"end":{"line":65,"column":1}},"line":63},"18":{"name":"(anonymous_18)","decl":{"start":{"line":64,"column":22},"end":{"line":64,"column":23}},"loc":{"start":{"line":64,"column":33},"end":{"line":64,"column":50}},"line":64}},"branchMap":{"0":{"loc":{"start":{"line":49,"column":4},"end":{"line":51,"column":5}},"type":"if","locations":[{"start":{"line":49,"column":4},"end":{"line":51,"column":5}},{"start":{"line":49,"column":4},"end":{"line":51,"column":5}}],"line":49},"1":{"loc":{"start":{"line":52,"column":4},"end":{"line":54,"column":5}},"type":"if","locations":[{"start":{"line":52,"column":4},"end":{"line":54,"column":5}},{"start":{"line":52,"column":4},"end":{"line":54,"column":5}}],"line":52}},"s":{"0":1,"1":29,"2":1,"3":14,"4":1,"5":7,"6":1,"7":3,"8":3,"9":1,"10":2,"11":1,"12":3,"13":1,"14":1,"15":1,"16":1,"17":1,"18":7,"19":7,"20":1,"21":2,"22":5,"23":1,"24":2,"25":4,"26":1,"27":1,"28":2,"29":0,"30":2,"31":2,"32":0,"33":1,"34":1,"35":6,"36":1,"37":1,"38":6},"f":{"0":29,"1":14,"2":7,"3":3,"4":2,"5":3,"6":1,"7":1,"8":7,"9":2,"10":5,"11":2,"12":4,"13":1,"14":2,"15":1,"16":6,"17":1,"18":6},"b":{"0":[0,2],"1":[2,0]},"_coverageSchema":"1a1c01bbd47fc00a2c39e90264f33305004495a9","hash":"29dbe460852965eb92bac8825e9c443eadce655d"}
,"C:\\Users\\blasm\\Documents\\QA\\Become-a-QA-Week-13\\complexOperations.js": {"path":"C:\\Users\\blasm\\Documents\\QA\\Become-a-QA-Week-13\\complexOperations.js","statementMap":{"0":{"start":{"line":23,"column":26},"end":{"line":32,"column":1}},"1":{"start":{"line":24,"column":2},"end":{"line":26,"column":3}},"2":{"start":{"line":25,"column":4},"end":{"line":25,"column":43}},"3":{"start":{"line":27,"column":23},"end":{"line":27,"column":43}},"4":{"start":{"line":28,"column":2},"end":{"line":30,"column":3}},"5":{"start":{"line":29,"column":4},"end":{"line":29,"column":34}},"6":{"start":{"line":31,"column":2},"end":{"line":31,"column":30}},"7":{"start":{"line":47,"column":29},"end":{"line":67,"column":1}},"8":{"start":{"line":48,"column":2},"end":{"line":50,"column":3}},"9":{"start":{"line":49,"column":4},"end":{"line":49,"column":40}},"10":{"start":{"line":51,"column":2},"end":{"line":53,"column":3}},"11":{"start":{"line":52,"column":4},"end":{"line":52,"column":51}},"12":{"start":{"line":54,"column":2},"end":{"line":66,"column":3}},"13":{"start":{"line":57,"column":6},"end":{"line":57,"column":38}},"14":{"start":{"line":59,"column":6},"end":{"line":59,"column":51}},"15":{"start":{"line":62,"column":20},"end":{"line":62,"column":27}},"16":{"start":{"line":63,"column":6},"end":{"line":63,"column":42}},"17":{"start":{"line":65,"column":6},"end":{"line":65,"column":42}},"18":{"start":{"line":86,"column":30},"end":{"line":95,"column":1}},"19":{"start":{"line":87,"column":2},"end":{"line":89,"column":3}},"20":{"start":{"line":88,"column":4},"end":{"line":88,"column":42}},"21":{"start":{"line":90,"column":20},"end":{"line":90,"column":41}},"22":{"start":{"line":91,"column":2},"end":{"line":93,"column":3}},"23":{"start":{"line":92,"column":4},"end":{"line":92,"column":53}},"24":{"start":{"line":94,"column":2},"end":{"line":94,"column":48}},"25":{"start":{"line":108,"column":41},"end":{"line":117,"column":1}},"26":{"start":{"line":109,"column":2},"end":{"line":111,"column":3}},"27":{"start":{"line":110,"column":4},"end":{"line":110,"column":41}},"28":{"start":{"line":112,"column":23},"end":{"line":112,"column":56}},"29":{"start":{"line":113,"column":2},"end":{"line":115,"column":3}},"30":{"start":{"line":114,"column":4},"end":{"line":114,"column":45}},"31":{"start":{"line":116,"column":2},"end":{"line":116,"column":22}},"32":{"start":{"line":131,"column":39},"end":{"line":142,"column":1}},"33":{"start":{"line":132,"column":2},"end":{"line":134,"column":3}},"34":{"start":{"line":133,"column":4},"end":{"line":133,"column":48}},"35":{"start":{"line":135,"column":2},"end":{"line":137,"column":3}},"36":{"start":{"line":136,"column":4},"end":{"line":136,"column":50}},"37":{"start":{"line":138,"column":2},"end":{"line":140,"column":3}},"38":{"start":{"line":139,"column":4},"end":{"line":139,"column":74}},"39":{"start":{"line":141,"column":2},"end":{"line":141,"column":36}},"40":{"start":{"line":155,"column":41},"end":{"line":167,"column":1}},"41":{"start":{"line":156,"column":2},"end":{"line":158,"column":3}},"42":{"start":{"line":157,"column":4},"end":{"line":157,"column":42}},"43":{"start":{"line":159,"column":29},"end":{"line":159,"column":50}},"44":{"start":{"line":160,"column":2},"end":{"line":162,"column":3}},"45":{"start":{"line":161,"column":4},"end":{"line":161,"column":48}},"46":{"start":{"line":163,"column":2},"end":{"line":166,"column":3}}},"fnMap":{"0":{"name":"(anonymous_0)","decl":{"start":{"line":23,"column":26},"end":{"line":23,"column":27}},"loc":{"start":{"line":23,"column":37},"end":{"line":32,"column":1}},"line":23},"1":{"name":"(anonymous_1)","decl":{"start":{"line":47,"column":29},"end":{"line":47,"column":30}},"loc":{"start":{"line":47,"column":63},"end":{"line":67,"column":1}},"line":47},"2":{"name":"(anonymous_2)","decl":{"start":{"line":86,"column":30},"end":{"line":86,"column":31}},"loc":{"start":{"line":86,"column":61},"end":{"line":95,"column":1}},"line":86},"3":{"name":"(anonymous_3)","decl":{"start":{"line":108,"column":41},"end":{"line":108,"column":42}},"loc":{"start":{"line":108,"column":61},"end":{"line":117,"column":1}},"line":108},"4":{"name":"(anonymous_4)","decl":{"start":{"line":131,"column":39},"end":{"line":131,"column":40}},"loc":{"start":{"line":131,"column":55},"end":{"line":142,"column":1}},"line":131},"5":{"name":"(anonymous_5)","decl":{"start":{"line":155,"column":41},"end":{"line":155,"column":42}},"loc":{"start":{"line":155,"column":52},"end":{"line":167,"column":1}},"line":155}},"branchMap":{"0":{"loc":{"start":{"line":24,"column":2},"end":{"line":26,"column":3}},"type":"if","locations":[{"start":{"line":24,"column":2},"end":{"line":26,"column":3}},{"start":{"line":24,"column":2},"end":{"line":26,"column":3}}],"line":24},"1":{"loc":{"start":{"line":24,"column":6},"end":{"line":24,"column":32}},"type":"binary-expr","locations":[{"start":{"line":24,"column":6},"end":{"line":24,"column":12}},{"start":{"line":24,"column":16},"end":{"line":24,"column":32}}],"line":24},"2":{"loc":{"start":{"line":28,"column":2},"end":{"line":30,"column":3}},"type":"if","locations":[{"start":{"line":28,"column":2},"end":{"line":30,"column":3}},{"start":{"line":28,"column":2},"end":{"line":30,"column":3}}],"line":28},"3":{"loc":{"start":{"line":47,"column":47},"end":{"line":47,"column":58}},"type":"default-arg","locations":[{"start":{"line":47,"column":57},"end":{"line":47,"column":58}}],"line":47},"4":{"loc":{"start":{"line":48,"column":2},"end":{"line":50,"column":3}},"type":"if","locations":[{"start":{"line":48,"column":2},"end":{"line":50,"column":3}},{"start":{"line":48,"column":2},"end":{"line":50,"column":3}}],"line":48},"5":{"loc":{"start":{"line":48,"column":6},"end":{"line":48,"column":43}},"type":"binary-expr","locations":[{"start":{"line":48,"column":6},"end":{"line":48,"column":13}},{"start":{"line":48,"column":17},"end":{"line":48,"column":43}}],"line":48},"6":{"loc":{"start":{"line":51,"column":2},"end":{"line":53,"column":3}},"type":"if","locations":[{"start":{"line":51,"column":2},"end":{"line":53,"column":3}},{"start":{"line":51,"column":2},"end":{"line":53,"column":3}}],"line":51},"7":{"loc":{"start":{"line":51,"column":6},"end":{"line":51,"column":46}},"type":"binary-expr","locations":[{"start":{"line":51,"column":6},"end":{"line":51,"column":24}},{"start":{"line":51,"column":28},"end":{"line":51,"column":46}}],"line":51},"8":{"loc":{"start":{"line":54,"column":2},"end":{"line":66,"column":3}},"type":"switch","locations":[{"start":{"line":55,"column":4},"end":{"line":55,"column":21}},{"start":{"line":56,"column":4},"end":{"line":57,"column":38}},{"start":{"line":58,"column":4},"end":{"line":59,"column":51}},{"start":{"line":60,"column":4},"end":{"line":63,"column":42}},{"start":{"line":64,"column":4},"end":{"line":65,"column":42}}],"line":54},"9":{"loc":{"start":{"line":87,"column":2},"end":{"line":89,"column":3}},"type":"if","locations":[{"start":{"line":87,"column":2},"end":{"line":89,"column":3}},{"start":{"line":87,"column":2},"end":{"line":89,"column":3}}],"line":87},"10":{"loc":{"start":{"line":87,"column":6},"end":{"line":87,"column":68}},"type":"binary-expr","locations":[{"start":{"line":87,"column":6},"end":{"line":87,"column":24}},{"start":{"line":87,"column":28},"end":{"line":87,"column":46}},{"start":{"line":87,"column":50},"end":{"line":87,"column":68}}],"line":87},"11":{"loc":{"start":{"line":91,"column":2},"end":{"line":93,"column":3}},"type":"if","locations":[{"start":{"line":91,"column":2},"end":{"line":93,"column":3}},{"start":{"line":91,"column":2},"end":{"line":93,"column":3}}],"line":91},"12":{"loc":{"start":{"line":109,"column":2},"end":{"line":111,"column":3}},"type":"if","locations":[{"start":{"line":109,"column":2},"end":{"line":111,"column":3}},{"start":{"line":109,"column":2},"end":{"line":111,"column":3}}],"line":109},"13":{"loc":{"start":{"line":109,"column":6},"end":{"line":109,"column":42}},"type":"binary-expr","locations":[{"start":{"line":109,"column":6},"end":{"line":109,"column":22}},{"start":{"line":109,"column":26},"end":{"line":109,"column":42}}],"line":109},"14":{"loc":{"start":{"line":113,"column":2},"end":{"line":115,"column":3}},"type":"if","locations":[{"start":{"line":113,"column":2},"end":{"line":115,"column":3}},{"start":{"line":113,"column":2},"end":{"line":115,"column":3}}],"line":113},"15":{"loc":{"start":{"line":132,"column":2},"end":{"line":134,"column":3}},"type":"if","locations":[{"start":{"line":132,"column":2},"end":{"line":134,"column":3}},{"start":{"line":132,"column":2},"end":{"line":134,"column":3}}],"line":132},"16":{"loc":{"start":{"line":135,"column":2},"end":{"line":137,"column":3}},"type":"if","locations":[{"start":{"line":135,"column":2},"end":{"line":137,"column":3}},{"start":{"line":135,"column":2},"end":{"line":137,"column":3}}],"line":135},"17":{"loc":{"start":{"line":135,"column":6},"end":{"line":135,"column":28}},"type":"binary-expr","locations":[{"start":{"line":135,"column":6},"end":{"line":135,"column":10}},{"start":{"line":135,"column":14},"end":{"line":135,"column":28}}],"line":135},"18":{"loc":{"start":{"line":138,"column":2},"end":{"line":140,"column":3}},"type":"if","locations":[{"start":{"line":138,"column":2},"end":{"line":140,"column":3}},{"start":{"line":138,"column":2},"end":{"line":140,"column":3}}],"line":138},"19":{"loc":{"start":{"line":156,"column":2},"end":{"line":158,"column":3}},"type":"if","locations":[{"start":{"line":156,"column":2},"end":{"line":158,"column":3}},{"start":{"line":156,"column":2},"end":{"line":158,"column":3}}],"line":156},"20":{"loc":{"start":{"line":160,"column":2},"end":{"line":162,"column":3}},"type":"if","locations":[{"start":{"line":160,"column":2},"end":{"line":162,"column":3}},{"start":{"line":160,"column":2},"end":{"line":162,"column":3}}],"line":160}},"s":{"0":1,"1":5,"2":2,"3":3,"4":3,"5":2,"6":1,"7":1,"8":7,"9":2,"10":5,"11":1,"12":4,"13":2,"14":1,"15":1,"16":1,"17":0,"18":1,"19":4,"20":2,"21":2,"22":2,"23":1,"24":1,"25":1,"26":4,"27":2,"28":2,"29":2,"30":1,"31":1,"32":1,"33":4,"34":1,"35":3,"36":1,"37":2,"38":1,"39":1,"40":1,"41":3,"42":1,"43":2,"44":2,"45":1,"46":1},"f":{"0":5,"1":7,"2":4,"3":4,"4":4,"5":3},"b":{"0":[2,3],"1":[5,4],"2":[2,1],"3":[1],"4":[2,5],"5":[7,7],"6":[1,4],"7":[5,4],"8":[1,2,1,1,0],"9":[2,2],"10":[4,3,3],"11":[1,1],"12":[2,2],"13":[4,3],"14":[1,1],"15":[1,3],"16":[1,2],"17":[3,3],"18":[1,1],"19":[1,2],"20":[1,1]},"_coverageSchema":"1a1c01bbd47fc00a2c39e90264f33305004495a9","hash":"281924e88e6675417ff1947e39c1655eb62aebc2"}
}
