TN:
SF:basicOperations.js
FN:1,(anonymous_0)
FN:5,(anonymous_1)
FN:9,(anonymous_2)
FN:13,(anonymous_3)
FN:18,(anonymous_4)
FN:22,(anonymous_5)
FN:26,(anonymous_6)
FN:30,(anonymous_7)
FN:34,(anonymous_8)
FN:39,(anonymous_9)
FN:40,(anonymous_10)
FN:43,(anonymous_11)
FN:44,(anonymous_12)
FN:47,(anonymous_13)
FN:48,(anonymous_14)
FN:59,(anonymous_15)
FN:60,(anonymous_16)
FN:63,(anonymous_17)
FN:64,(anonymous_18)
FNF:19
FNH:19
FNDA:29,(anonymous_0)
FNDA:14,(anonymous_1)
FNDA:7,(anonymous_2)
FNDA:3,(anonymous_3)
FNDA:2,(anonymous_4)
FNDA:3,(anonymous_5)
FNDA:1,(anonymous_6)
FNDA:1,(anonymous_7)
FNDA:7,(anonymous_8)
FNDA:2,(anonymous_9)
FNDA:5,(anonymous_10)
FNDA:2,(anonymous_11)
FNDA:4,(anonymous_12)
FNDA:1,(anonymous_13)
FNDA:2,(anonymous_14)
FNDA:1,(anonymous_15)
FNDA:6,(anonymous_16)
FNDA:1,(anonymous_17)
FNDA:6,(anonymous_18)
DA:1,1
DA:2,29
DA:5,1
DA:6,14
DA:9,1
DA:10,7
DA:13,1
DA:14,3
DA:15,3
DA:18,1
DA:19,2
DA:22,1
DA:23,3
DA:26,1
DA:27,1
DA:30,1
DA:31,1
DA:34,1
DA:35,7
DA:36,7
DA:39,1
DA:40,5
DA:43,1
DA:44,4
DA:47,1
DA:48,1
DA:49,2
DA:50,0
DA:52,2
DA:53,2
DA:55,0
DA:59,1
DA:60,6
DA:63,1
DA:64,6
LF:35
LH:33
BRDA:49,0,0,0
BRDA:49,0,1,2
BRDA:52,1,0,2
BRDA:52,1,1,0
BRF:4
BRH:2
end_of_record
TN:
SF:complexOperations.js
FN:23,(anonymous_0)
FN:47,(anonymous_1)
FN:86,(anonymous_2)
FN:108,(anonymous_3)
FN:131,(anonymous_4)
FN:155,(anonymous_5)
FNF:6
FNH:6
FNDA:10,(anonymous_0)
FNDA:13,(anonymous_1)
FNDA:8,(anonymous_2)
FNDA:8,(anonymous_3)
FNDA:7,(anonymous_4)
FNDA:6,(anonymous_5)
DA:23,2
DA:24,10
DA:25,3
DA:27,7
DA:28,7
DA:29,2
DA:31,5
DA:47,2
DA:48,13
DA:49,2
DA:51,11
DA:52,1
DA:54,10
DA:57,4
DA:59,2
DA:62,2
DA:63,2
DA:65,2
DA:86,2
DA:87,8
DA:88,2
DA:90,6
DA:91,6
DA:92,3
DA:94,3
DA:108,2
DA:109,8
DA:110,2
DA:112,6
DA:113,6
DA:114,1
DA:116,5
DA:131,2
DA:132,7
DA:133,1
DA:135,6
DA:136,1
DA:138,5
DA:139,1
DA:141,4
DA:155,2
DA:156,6
DA:157,1
DA:159,5
DA:160,4
DA:161,1
DA:163,3
LF:47
LH:47
BRDA:24,0,0,3
BRDA:24,0,1,7
BRDA:24,1,0,10
BRDA:24,1,1,8
BRDA:28,2,0,2
BRDA:28,2,1,5
BRDA:47,3,0,5
BRDA:48,4,0,2
BRDA:48,4,1,11
BRDA:48,5,0,13
BRDA:48,5,1,13
BRDA:51,6,0,1
BRDA:51,6,1,10
BRDA:51,7,0,11
BRDA:51,7,1,10
BRDA:54,8,0,2
BRDA:54,8,1,4
BRDA:54,8,2,2
BRDA:54,8,3,2
BRDA:54,8,4,2
BRDA:87,9,0,2
BRDA:87,9,1,6
BRDA:87,10,0,8
BRDA:87,10,1,7
BRDA:87,10,2,7
BRDA:91,11,0,3
BRDA:91,11,1,3
BRDA:109,12,0,2
BRDA:109,12,1,6
BRDA:109,13,0,8
BRDA:109,13,1,7
BRDA:113,14,0,1
BRDA:113,14,1,5
BRDA:132,15,0,1
BRDA:132,15,1,6
BRDA:135,16,0,1
BRDA:135,16,1,5
BRDA:135,17,0,6
BRDA:135,17,1,6
BRDA:138,18,0,1
BRDA:138,18,1,4
BRDA:156,19,0,1
BRDA:156,19,1,5
BRDA:160,20,0,1
BRDA:160,20,1,3
BRF:45
BRH:45
end_of_record
TN:
SF:operations.mock.js
FN:18,(anonymous_0)
FNF:1
FNH:1
FNDA:1,(anonymous_0)
DA:3,1
DA:4,1
DA:5,1
DA:6,1
DA:7,1
DA:8,1
DA:9,1
DA:10,1
DA:11,1
DA:12,1
DA:13,1
DA:14,1
DA:15,1
DA:16,1
DA:18,1
DA:19,1
LF:16
LH:16
BRF:0
BRH:0
end_of_record
